<?xml version="1.0" encoding="UTF-8"?>
<!-- Generated by org.testng.reporters.JUnitXMLReporter -->
<testsuite ignored="2" hostname="EPINHYDW0878" failures="0" tests="2" name="Surefire test" time="80.983" errors="0" timestamp="2022-07-29T13:14:31 IST">
  <testcase classname="org.example.CalculatorPageTests" name="CalculatorPageTest" time="74.022"/>
  <testcase classname="org.example.CalculatorPageTests" name="checkInformationInInstanceTypeString" time="0.045"/>
  <testcase classname="org.example.BaseTests" name="@BeforeTest setUp" time="0.0">
    <ignored/>
  </testcase> <!-- @BeforeTest setUp -->
  <testcase classname="org.example.BaseTests" name="@AfterTest tearDown" time="0.0">
    <ignored/>
  </testcase> <!-- @AfterTest tearDown -->
</testsuite> <!-- Surefire test -->
