<?xml version="1.0" encoding="UTF-8"?>
<testng-results ignored="2" total="4" passed="2" failed="0" skipped="0">
  <reporter-output>
  </reporter-output>
  <suite started-at="2022-07-29T13:13:10 IST" name="Surefire suite" finished-at="2022-07-29T13:14:31 IST" duration-ms="80983">
    <groups>
    </groups>
    <test started-at="2022-07-29T13:13:10 IST" name="Surefire test" finished-at="2022-07-29T13:14:31 IST" duration-ms="80983">
      <class name="org.example.CalculatorPageTests">
        <test-method signature="CalculatorPageTest()[pri:0, instance:org.example.CalculatorPageTests@7d3a22a9]" started-at="2022-07-29T13:13:12 IST" name="CalculatorPageTest" finished-at="2022-07-29T13:14:26 IST" duration-ms="74022" status="PASS">
          <reporter-output>
          </reporter-output>
        </test-method> <!-- CalculatorPageTest -->
        <test-method signature="checkInformationInInstanceTypeString()[pri:0, instance:org.example.CalculatorPageTests@7d3a22a9]" started-at="2022-07-29T13:14:26 IST" name="checkInformationInInstanceTypeString" finished-at="2022-07-29T13:14:26 IST" duration-ms="45" status="PASS">
          <reporter-output>
          </reporter-output>
        </test-method> <!-- checkInformationInInstanceTypeString -->
      </class> <!-- org.example.CalculatorPageTests -->
      <class name="org.example.BaseTests">
        <test-method is-config="true" signature="setUp()[pri:0, instance:org.example.BaseTests@2aa3cd93]" started-at="2022-07-29T13:13:10 IST" name="setUp" finished-at="2022-07-29T13:13:12 IST" duration-ms="2633" status="PASS">
          <reporter-output>
          </reporter-output>
        </test-method> <!-- setUp -->
        <test-method is-config="true" signature="tearDown()[pri:0, instance:org.example.BaseTests@2aa3cd93]" started-at="2022-07-29T13:14:26 IST" name="tearDown" finished-at="2022-07-29T13:14:31 IST" duration-ms="4243" status="PASS">
          <reporter-output>
          </reporter-output>
        </test-method> <!-- tearDown -->
      </class> <!-- org.example.BaseTests -->
    </test> <!-- Surefire test -->
  </suite> <!-- Surefire suite -->
</testng-results>
